19960913
19960912
19960911
19960910
19960909
19960906
19960905
19960904
19960903
19960902
19960830
19960829
19960828
19960827
19960826
19960823
19960822
19960821
19960820
19960819
19960816
19960815
19960814
19960813
19960812
19960809
19960808
19960807
19960806
19960805
19960802
19960801
19960731
19960730
19960729
19960726
19960725
19960724
19960723
19960722
19960719
19960718
19960717
19960716
19960715
19960712
19960711
19960710
19960709
19960708
19960705
19960704
19960703
19960702
19960701
19960628
19960627
19960626
19960625
19960624
19960621
19960620
19960619
19960618
19960617
19960614
19960613
19960612
19960611
19960610
19960607
19960606
19960605
19960604
19960603
19960531
19960530
19960529
19960528
19960527
19960524
19960523
19960522
19960521
19960520
19960517
19960516
19960515
19960514
19960513
19960510
19960509
19960508
19960507
19960506
19960503
19960502
19960501
19960430
19960429
19960426
19960425
19960424
19960423
19960422
19960419
19960418
19960417
19960416
19960415
19960412
19960411
19960410
19960409
19960408
19960405
19960404
19960403
19960402
19960401
19960329
19960328
19960327
19960326
19960325
19960322
19960321
19960320
19960319
19960318
19960315
19960314
19960313
19960312
19960311
19960308
19960307
19960306
19960305
19960304
19960301
19960229
19960228
19960227
19960226
19960223
19960222
19960221
19960220
19960219
19960216
19960215
19960214
19960213
19960212
19960209
19960208
19960207
19960206
19960205
19960202
19960201
19960131
19960130
19960129
19960126
19960125
19960124
19960123
19960122
19960119
19960118
19960117
19960116
19960115
19960112
19960111
19960110
19960109
19960108
19960105
19960104
19960103
19960102
19960101
19951229
19951228
19951227
19951226
19951225
19951222
19951221
19951220
19951219
19951218
19951215
19951214
19951213
19951212
19951211
19951208
19951207
19951206
19951205
19951204
19951201
19951130
19951129
19951128
19951127
19951124
19951123
19951122
19951121
19951120
19951117
19951116
19951115
19951114
19951113
19951110
19951109
19951108
19951107
19951106
19951103
19951103
19951102
19951101
19951031
19951030
19951027
19951026
19951025
19951024
19951023
19951020
19951019
19951018
19951017
19951016
19951013
19951012
19951011
19951010
19951009
19951006
19951005
19951004
19951003
19951002
19950929
19950928
19950927
19950926
19950925
19950922
19950921
19950920
19950919
19950918
19950915
19950914
19950913
19950912
19950911
19950908
19950907
19950906
19950905
19950904
19950901
19950831
19950830
19950829
19950828
19950825
19950824
19950823
19950822
19950821
19950818
19950817
19950816
19950815
19950814
19950811
19950810
19950809
19950808
19950807
19950804
19950803
19950802
19950801
19950731
19950728
19950727
19950726
19950725
19950724
19950721
19950720
19950719
19950718
19950717
19950714
19950713
19950712
19950711
19950710
19950707
19950706
19950705
19950704
19950703
19950630
19950629
19950628
19950627
19950626
19950623
19950622
19950621
19950620
19950619
19950616
19950615
19950614
19950613
19950612
19950609
19950608
19950607
19950606
19950605
19950602
19950601
19950531
19950530
19950529
19950526
19950525
19950524
19950523
19950522
19950519
19950518
19950517
19950516
19950515
19950512
19950511
19950510
19950509
19950508
19950505
19950504
19950503
19950502
19950501
19950428
19950427
19950426
19950425
19950424
19950421
19950420
19950419
19950418
19950417
19950414
19950413
19950412
19950411
19950410
19950407
19950406
19950405
19950404
19950403
19950331
19950330
19950329
19950328
19950327
19950324
19950323
19950322
19950321
19950320
19950317
19950316
19950315
19950314
19950313
19950310
19950309
19950308
19950307
19950306
19950303
19950302
19950301
19950228
19950227
19950224
19950223
19950222
19950221
19950220
19950217
19950216
19950215
19950214
19950213
19950210
19950209
19950208
19950207
19950206
19950203
19950202
19950201
19950131
19950130
19950127
19950126
19950125
19950124
19950123
19950120
19950119
19950118
19950117
19950116
19950113
19950112
19950111
19950110
19950109
19950106
19950105
19950104
19950103
19950102
19941230
19941229
19941228
19941227
19941226
19941223
19941222
19941221
19941220
19941219
19941216
19941215
19941214
19941213
19941212
19941209
19941208
19941207
19941206
19941205
19941202
19941201
19941130
19941129
19941128
19941125
19941124
19941123
19941122
19941121
19941118
19941117
19941116
19941115
19941114
19941111
19941110
19941109
19941108
19941107
19941104
19941103
19941102
19941101
19941031
19941028
19941027
19941026
19941025
19941024
19941021
19941020
19941019
19941018
19941017
19941014
19941013
19941012
19941011
19941010
19941007
19941006
19941005
19941004
19941003
19940930
19940929
19940928
19940927
19940926
19940923
19940922
19940921
19940920
19940919
19940916
19940915
19940914
19940913
19940912
19940909
19940908
19940907
19940906
19940905
19940902
19940901
19940831
19940830
19940829
19940826
19940825
19940824
19940823
19940822
19940819
19940818
19940817
19940816
19940815
19940812
19940811
19940810
19940809
19940808
19940805
19940804
19940803
19940802
19940801
19940729
19940728
19940727
19940726
19940725
19940722
19940721
19940720
19940719
19940718
19940715
19940714
19940713
19940712
19940711
19940708
19940707
19940706
19940705
19940704
19940701
19940630
19940629
19940628
19940627
19940624
19940623
19940622
19940621
19940620
19940617
19940616
19940615
19940614
19940613
19940610
19940609
19940608
19940607
19940606
19940603
19940602
19940601
19940531
19940530
19940527
19940526
19940525
19940524
19940523
19940520
19940519
19940518
19940517
19940516
19940513
19940512
19940511
19940510
19940509
19940506
19940505
19940504
19940503
19940502
19940429
19940428
19940427
19940426
19940425
19940422
19940421
19940420
19940419
19940418
19940415
19940414
19940413
19940412
19940411
19940408
19940407
19940406
19940405
19940404
19940401
19940331
19940330
19940329
19940328
19940325
19940324
19940323
19940322
19940321
19940318
19940317
19940316
19940315
19940314
19940311
19940310
19940309
19940308
19940307
19940304
19940303
19940302
19940301
19940228
19940225
19940224
19940223
19940222
19940221
19940218
19940217
19940216
19940215
19940214
19940211
19940210
19940209
19940208
19940207
19940204
19940203
19940202
19940201
19940131
19940128
19940127
19940126
19940125
19940124
19940121
19940120
19940119
19940118
19940117
19940114
19940113
19940112
19940111
19940110
19940107
19940106
19940105
19940104
19940103
19931231
19931230
19931229
19931228
19931227
19931224
19931223
19931222
19931221
19931220
19931217
19931216
19931215
19931214
19931213
19931210
19931209
19931208
19931207
19931206
19931203
19931202
19931201
19931130
19931129
19931126
19931125
19931124
19931123
19931122
19931119
19931118
19931117
19931116
19931115
19931112
19931111
19931110
19931109
19931108
19931105
19931104
19931103
19931102
19931101
19931029
19931028
19931027
19931026
19931025
19931022
19931021
19931020
19931019
19931018
19931015
19931014
19931013
19931012
19931011
19931008
19931007
19931006
19931005
19931004
19931001
19930930
19930929
19930928
19930927
19930924
19930923
19930922
19930921
19930920
19930917
19930916
19930915
19930914
19930913
19930910
19930909
19930908
19930907
19930906
19930903
19930902
19930901
19930831
19930830
19930827
19930826
19930825
19930824
19930823
19930820
19930819
19930818
19930817
19930816
19930813
19930812
19930811
19930810
19930809
19930806
19930805
19930804
19930803
19930802
19930730
19930729
19930728
19930727
19930726
19930723
19930722
19930721
19930720
19930719
19930716
19930715
19930714
19930713
19930712
19930709
19930708
19930707
19930706
19930705
19930702
19930701
19930630
19930629
19930628
19930625
19930624
19930623
19930622
19930621
19930618
19930617
19930616
19930615
19930614
19930611
19930610
19930609
19930608
19930607
19930604
19930603
19930602
19930601
19930531
19930528
19930527
19930526
19930525
19930524
19930521
19930520
19930519
19930518
19930517
19930514
19930513
19930512
19930511
19930510
19930507
19930506
19930505
19930504
19930503
19930430
19930429
19930428
19930427
19930426
19930423
19930422
19930421
19930420
19930419
19930416
19930415
19930414
19930413
19930412
19930409
19930408
19930407
19930406
19930405
19930402
19930401
19930331
19930330
19930329
19930326
19930325
19930324
19930323
19930322
19930319
19930318
19930317
19930316
19930315
19930312
19930311
19930310
19930309
19930308
19930305
19930304
19930303
19930302
19930301
19930226
19930225
19930224
19930223
19930222
19930219
19930218
19930217
19930216
19930215
19930212
19930211
19930210
19930209
19930208
19930205
19930204
19930203
19930202
19930201
19930129
19930128
19930127
19930126
19930125
19930122
19930121
19930120
19930119
19930118
19930115
19930114
19930113
19930112
19930111
19930108
19930107
19930106
19930105
19930104
19930101
19921231
19921230
19921229
19921228
19921225
19921224
19921223
19921222
19921221
19921218
19921217
19921216
19921215
19921214
19921211
19921210
19921209
19921208
19921207
19921204
19921203
19921202
19921201
19921130
19921127
19921126
19921125
19921124
19921123
19921120
19921119
19921118
19921117
19921116
19921113
19921112
19921111
19921110
19921109
19921106
19921105
19921104
19921103
19921102
19921030
19921029
19921028
19921027
19921026
19921023
19921022
19921021
19921020
19921019
19921016
19921015
19921014
19921013
19921012
19921009
19921008
19921007
19921006
19921005
19921002
19921001
19920930
19920929
19920928
19920925
19920924
19920923
19920922
19920921
19920918
19920917
19920916
19920915
19920914
19920911
19920910
19920909
19920908
19920907
19920904
19920903
19920902
19920901
19920831
19920828
19920827
19920826
19920825
19920824
19920821
19920820
19920819
19920818
19920817
19920814
19920813
19920812
19920811
19920810
19920807
19920806
19920805
19920804
19920803
19920731
19920730
19920729
19920728
19920727
19920724
19920723
19920722
19920721
19920720
19920717
19920716
19920715
19920714
19920713
19920710
19920709
19920708
19920707
19920706
19920703
19920702
19920701
19920630
19920629
19920626
19920625
19920624
19920623
19920622
19920619
19920618
19920617
19920616
19920615
19920612
19920611
19920610
19920609
19920608
19920605
19920604
19920603
19920602
19920601
19920529
19920528
19920527
19920526
19920525
19920522
19920521
19920520
19920519
19920518
19920515
19920514
19920513
19920512
19920511
19920508
19920507
19920506
19920505
19920504
19920501
19920430
19920429
19920428
19920427
19920424
19920423
19920422
19920421
19920420
19920417
19920416
19920415
19920414
19920413
19920410
19920409
19920408
19920407
19920406
19920403
19920402
19920401
19920331
19920330
19920327
19920326
19920325
19920324
19920323
19920320
19920319
19920318
19920317
19920316
19920313
19920312
19920311
19920310
19920309
19920306
19920305
19920304
19920303
19920302
19920228
19920227
19920226
19920225
19920224
19920221
19920220
19920219
19920218
19920217
19920214
19920213
19920212
19920211
19920210
19920207
19920206
19920205
19920204
19920203
19920131
19920130
19920129
19920128
19920127
19920124
19920123
19920122
19920121
19920120
19920117
19920116
19920115
19920114
19920113
19920110
19920109
19920108
19920107
19920106
19920103
19920102
19920101
19911231
19911230
19911227
19911226
19911225
19911224
19911223
19911220
19911219
19911218
19911217
19911216
19911213
19911212
19911211
19911210
19911209
19911206
19911205
19911204
19911203
19911202
19911129
19911128
19911127
19911126
19911125
19911122
19911121
19911120
19911119
19911118
19911115
19911114
19911113
19911112
19911111
19911108
19911107
19911106
19911105
19911104
19911101
19911031
19911030
19911029
19911028
19911025
19911024
19911023
19911022
19911021
19911018
19911017
19911016
19911015
19911014
19911011
19911010
19911009
19911008
19911007
19911004
19911003
19911002
19911001
19910930
19910927
19910926
19910925
19910924
19910923
19910920
19910919
19910918
19910917
19910916
19910913
19910912
19910911
19910910
19910909
19910906
19910905
19910904
19910903
19910902
19910830
19910829
19910828
19910827
19910826
19910823
19910822
19910821
19910820
19910819
19910816
19910815
19910814
19910813
19910812
19910809
19910808
19910807
19910806
19910805
19910802
19910801
19910731
19910730
19910729
19910726
19910725
19910724
19910723
19910722
19910719
19910718
19910717
19910716
19910715
19910712
19910711
19910710
19910709
19910708
19910705
19910704
19910703
19910702
19910701
19910628
19910627
19910626
19910625
19910624
19910621
19910620
19910619
19910618
19910617
19910614
19910613
19910612
19910611
19910610
19910607
19910606
19910605
19910604
19910603
19910531
19910530
19910529
19910528
19910527
19910524
19910523
19910522
19910521
19910520
19910517
19910516
19910515
19910514
19910513
19910510
19910509
19910508
19910507
19910506
19910503
19910502
19910501
19910430
19910429
19910426
19910425
19910424
19910423
19910422
19910419
19910418
19910417
19910416
19910415
19910412
19910411
19910410
19910409
19910408
19910405
19910404
19910403
19910402
19910401
19910329
19910328
19910327
19910326
19910325
19910322
19910321
19910320
19910319
19910318
19910315
19910314
19910313
19910312
19910311
19910308
19910307
19910306
19910305
19910304
19910301
19910228
19910227
19910226
19910225
19910222
19910221
19910220
19910219
19910218
19910215
19910214
19910213
19910212
19910211
19910208
19910207
19910206
19910205
19910204
19910201
19910131
19910130
19910129
19910128
19910125
19910124
19910123
19910122
19910121
19910118
19910117
19910116
19910115
19910114
19910111
19910110
19910109
19910108
19910107
19910104
19910103
19910102
19910101
19901231
19901228
19901227
19901226
19901225
19901224
19901221
19901220
19901219
19901218
19901217
19901214
19901213
19901212
19901211
19901210
19901207
19901206
19901205
19901204
19901203
19901130
19901129
19901128
19901127
19901126
19901123
19901122
19901121
19901120
19901119
19901116
19901115
19901114
19901113
19901112
19901109
19901108
19901107
19901106
19901105
19901102
19901101
19901031
19901030
19901029
19901026
19901025
19901024
19901023
19901022
19901019
19901018
19901017
19901016
19901015
19901012
19901011
19901010
19901009
19901008
19901005
19901004
19901003
19901002
19901001
19900928
19900927
19900926
19900925
19900924
19900921
19900920
19900919
19900918
19900917
19900914
19900913
19900912
19900911
19900910
19900907
19900906
19900905
19900904
19900903
19900831
19900830
19900829
19900828
19900827
19900824
19900823
19900822
19900821
19900820
19900817
19900816
19900815
19900814
19900813
19900810
19900809
19900808
19900807
19900806
19900803
19900802
19900801
19900731
19900730
19900727
19900726
19900725
19900724
19900723
19900720
19900719
19900718
19900717
19900716
19900713
19900712
19900711
19900710
19900709
19900706
19900705
19900704
19900703
19900702
19900629
19900628
19900627
19900626
19900625
19900622
19900621
19900620
19900619
19900618
19900615
19900614
19900613
19900612
19900611
19900608
19900607
19900606
19900605
19900604
19900601
19900531
19900530
19900529
19900528
19900525
19900524
19900523
19900522
19900521
19900518
19900517
19900516
19900515
19900514
19900511
19900510
19900509
19900508
19900507
19900504
19900503
19900502
19900501
19900430
19900427
19900426
19900425
19900424
19900423
19900420
19900419
19900418
19900417
19900416
19900413
19900412
19900411
19900410
19900409
19900406
19900405
19900404
19900403
19900402
19900330
19900329
19900328
19900327
19900326
19900323
19900322
19900321
19900320
19900319
19900316
19900315
19900314
19900313
19900312
19900309
19900308
19900307
19900306
19900305
19900302
19900301
19900228
19900227
19900226
19900223
19900222
19900221
19900220
19900219
19900216
19900215
19900214
19900213
19900212
19900209
19900208
19900207
19900206
19900205
19900202
19900201
19900131
19900130
19900129
19900126
19900125
19900124
19900123
19900122
19900119
19900118
19900117
19900116
19900115
19900112
19900111
19900110
19900109
19900108
19900105
19900104
19900103
19900102
19900101
19891229
19891228
19891227
19891226
19891225
19891222
19891221
19891220
19891219
19891218
19891215
19891214
19891213
19891212
19891211
19891208
19891207
19891206
19891205
19891204
19891201
19891130
19891129
19891128
19891127
19891124
19891123
19891122
19891121
19891120
19891117
19891116
19891115
19891114
19891113
19891110
19891109
19891108
19891107
19891106
19891103
19891102
19891101
19891031
19891030
19891027
19891026
19891025
19891024
19891023
19891020
19891019
19891018
19891017
19891016
19891013
19891012
19891011
19891010
19891009
19891006
19891005
19891004
19891003
19891002
19890929
19890928
19890927
19890926
19890925
19890922
19890921
19890920
19890919
19890918
19890915
19890914
19890913
19890912
19890911
19890908
19890907
19890906
19890905
19890904
19890901
19890831
19890830
19890829
19890828
19890825
19890824
19890823
19890822
19890821
19890818
19890817
19890816
19890815
19890814
19890811
19890810
19890809
19890808
19890807
19890804
19890803
19890802
19890801
19890731
19890728
19890727
19890726
19890725
19890724
19890721
19890720
19890719
19890718
19890717
19890714
19890713
19890712
19890711
19890710
19890707
19890706
19890705
19890704
19890703
19890630
19890629
19890628
19890627
19890626
19890623
19890622
19890621
19890620
19890619
19890616
19890615
19890614
19890613
19890612
19890609
19890608
19890607
19890606
19890605
19890602
19890601
19890531
19890530
19890529
19890526
19890525
19890524
19890523
19890522
19890519
19890518
19890517
19890516
19890515
19890512
19890511
19890510
19890509
19890508
19890505
19890504
19890503
19890502
19890501
19890428
19890427
19890426
19890425
19890424
19890421
19890420
19890419
19890418
19890417
19890414
19890413
19890412
19890411
19890410
19890407
19890406
19890405
19890404
19890403
19890331
19890330
19890329
19890328
19890327
19890324
19890323
19890322
19890321
19890320
19890317
19890316
19890315
19890314
19890313
19890310
19890309
19890308
19890307
19890306
19890303
19890302
19890301
19890228
19890227
19890224
19890223
19890222
19890221
19890220
19890217
19890216
19890215
19890214
19890213
19890210
19890209
19890208
19890207
19890206
19890203
19890202
19890201
19890131
19890130
19890127
19890126
19890125
19890124
19890123
19890120
19890119
19890118
19890117
19890116
19890113
19890112
19890111
19890110
19890109
19890106
19890105
19890104
19890103
19890102
19881230
19881229
19881228
19881227
19881226
19881223
19881222
19881221
19881220
19881219
19881216
19881215
19881214
19881213
19881212
19881209
19881208
19881207
19881206
19881205
19881202
19881201
19881130
19881129
19881128
19881125
19881124
19881123
19881122
19881121
19881118
19881117
19881116
19881115
19881114
19881111
19881110
19881109
19881108
19881107
19881104
19881103
19881102
19881101
19881031
19881028
19881027
19881026
19881025
19881024
19881021
19881020
19881019
19881018
19881017
19881014
19881013
19881012
19881011
19881010
19881007
19881006
19881005
19881004
19881003
19880930
19880929
19880928
19880927
19880926
19880923
19880922
19880921
19880920
19880919
19880916
19880915
19880914
19880913
19880912
19880909
19880908
19880907
19880906
19880905
19880902
19880901
19880831
19880830
19880829
19880826
19880825
19880824
19880823
19880822
19880819
19880818
19880817
19880816
19880815
19880812
19880811
19880810
19880809
19880808
19880805
19880804
19880803
19880802
19880801
19880729
19880728
19880727
19880726
19880725
19880722
19880721
19880720
19880719
19880718
19880715
19880714
19880713
19880712
19880711
19880708
19880707
19880706
19880705
19880704
19880701
19880630
19880629
19880628
19880627
19880624
19880623
19880622
19880621
19880620
19880617
19880616
19880615
19880614
19880613
19880610
19880609
19880608
19880607
19880606
19880603
19880602
19880601
19880531
19880530
19880527
19880526
19880525
19880524
19880523
19880520
19880519
19880518
19880517
19880516
19880513
19880512
19880511
19880510
19880509
19880506
19880505
19880504
19880503
19880502
19880429
19880428
19880427
19880426
19880425
19880422
19880421
19880420
19880419
19880418
19880415
19880414
19880413
19880412
19880411
19880408
19880407
19880406
19880405
19880404
19880401
19880331
19880330
19880329
19880328
19880325
19880324
19880323
19880322
19880321
19880318
19880317
19880316
19880315
19880314
19880311
19880310
19880309
19880308
19880307
19880304
19880303
19880302
19880301
19880229
19880226
19880225
19880224
19880223
19880222
19880219
19880218
19880217
19880216
19880215
19880212
19880211
19880210
19880209
19880208
19880205
19880204
19880203
19880202
19880201
19880129
19880128
19880127
19880126
19880125
19880122
19880121
19880120
19880119
19880118
19880115
19880114
19880113
19880112
19880111
19880108
19880107
19880106
19880105
19880104
19880101
19871231
19871230
19871229
19871228
19871225
19871224
19871223
19871222
19871221
19871218
19871217
19871216
19871215
19871214
19871211
19871210
19871209
19871208
19871207
19871204
19871203
19871202
19871201
19871130
19871127
19871126
19871125
19871124
19871123
19871120
19871119
19871118
19871117
19871116
19871113
19871112
19871111
19871110
19871109
19871106
19871105
19871104
19871103
19871102
19871030
19871029
19871028
19871027
19871026
19871023
19871022
19871021
19871020
19871019
19871016
19871015
19871014
19871013
19871012
19871009
19871008
19871007
19871006
19871005
19871002
19871001
19870930
19870929
19870928
19870925
19870924
19870923
19870922
19870921
19870918
19870917
19870916
19870915
19870914
19870911
19870910
19870909
19870908
19870907
19870904
19870903
19870902
19870901
19870831
19870828
19870827
19870826
19870825
19870824
19870821
19870820
19870819
19870818
19870817
19870814
19870813
19870812
19870811
19870810
19870807
19870806
19870805
19870804
19870803
19870731
19870730
19870729
19870728
19870727
19870724
19870723
19870722
19870721
19870720
19870717
19870716
19870715
19870714
19870713
19870710
19870709
19870708
19870707
19870706
19870703
19870702
19870701
19870630
19870629
19870626
19870625
19870624
19870623
19870622
19870619
19870618
19870617
19870616
19870615
19870612
19870611
19870610
19870609
19870608
19870605
19870604
19870603
19870602
19870601
19870529
19870528
19870527
19870526
19870525
19870522
19870521
19870520
19870519
19870518
19870515
19870514
19870513
19870512
19870511
19870508
19870507
19870506
19870505
19870504
19870501
19870430
19870429
19870428
19870427
19870424
19870423
19870422
19870421
19870420
19870417
19870416
19870415
19870414
19870413
19870410
19870409
19870408
19870407
19870406
19870403
19870402
19870401
19870331
19870330
19870327
19870326
19870325
19870324
19870323
19870320
19870319
19870318
19870317
19870316
19870313
19870312
19870311
19870310
19870309
19870306
19870305
19870304
19870303
19870302
19870227
19870226
19870225
19870224
19870223
19870220
19870219
19870218
19870217
19870216
19870213
19870212
19870211
19870210
19870209
19870206
19870205
19870204
19870203
19870202
19870130
19870129
19870128
19870127
19870126
19870123
